<?xml version="1.0" encoding="UTF-8"?>
<testng-results skipped="0" failed="0" ignored="0" total="1" passed="1">
  <reporter-output>
  </reporter-output>
  <suite name="Default suite" duration-ms="33182" started-at="2019-04-21T05:57:28Z" finished-at="2019-04-21T05:58:01Z">
    <groups>
    </groups>
    <test name="Default test" duration-ms="33182" started-at="2019-04-21T05:57:28Z" finished-at="2019-04-21T05:58:01Z">
      <class name="testScripts.Module2">
        <test-method status="PASS" signature="beforesuite()[pri:0, instance:testScripts.Module2@52f759d7]" name="beforesuite" is-config="true" duration-ms="247" started-at="2019-04-21T05:57:28Z" finished-at="2019-04-21T05:57:28Z">
          <reporter-output>
          </reporter-output>
        </test-method> <!-- beforesuite -->
        <test-method status="PASS" signature="BeforeClass()[pri:0, instance:testScripts.Module2@52f759d7]" name="BeforeClass" is-config="true" duration-ms="789" started-at="2019-04-21T05:57:28Z" finished-at="2019-04-21T05:57:29Z">
          <reporter-output>
          </reporter-output>
        </test-method> <!-- BeforeClass -->
        <test-method status="PASS" signature="beforemethod(java.lang.reflect.Method)[pri:0, instance:testScripts.Module2@52f759d7]" name="beforemethod" is-config="true" duration-ms="57" started-at="2019-04-21T05:57:29Z" finished-at="2019-04-21T05:57:29Z">
          <params>
            <param index="0">
              <value>
                <![CDATA[public void testScripts.Module2.TC201()]]>
              </value>
            </param>
          </params>
          <reporter-output>
          </reporter-output>
        </test-method> <!-- beforemethod -->
        <test-method status="PASS" signature="TC201()[pri:0, instance:testScripts.Module2@52f759d7]" name="TC201" duration-ms="32072" started-at="2019-04-21T05:57:29Z" finished-at="2019-04-21T05:58:01Z">
          <reporter-output>
          </reporter-output>
        </test-method> <!-- TC201 -->
        <test-method status="PASS" signature="aftermethod(org.testng.ITestResult)[pri:0, instance:testScripts.Module2@52f759d7]" name="aftermethod" is-config="true" duration-ms="234" started-at="2019-04-21T05:58:01Z" finished-at="2019-04-21T05:58:01Z">
          <params>
            <param index="0">
              <value>
                <![CDATA[[TestResult name=TC201 status=SUCCESS method=Module2.TC201()[pri:0, instance:testScripts.Module2@52f759d7] output={null}]]]>
              </value>
            </param>
          </params>
          <reporter-output>
          </reporter-output>
        </test-method> <!-- aftermethod -->
        <test-method status="PASS" signature="AfterClass()[pri:0, instance:testScripts.Module2@52f759d7]" name="AfterClass" is-config="true" duration-ms="0" started-at="2019-04-21T05:58:01Z" finished-at="2019-04-21T05:58:01Z">
          <reporter-output>
          </reporter-output>
        </test-method> <!-- AfterClass -->
        <test-method status="PASS" signature="aftersuite()[pri:0, instance:testScripts.Module2@52f759d7]" name="aftersuite" is-config="true" duration-ms="5316" started-at="2019-04-21T05:58:01Z" finished-at="2019-04-21T05:58:06Z">
          <reporter-output>
          </reporter-output>
        </test-method> <!-- aftersuite -->
      </class> <!-- testScripts.Module2 -->
    </test> <!-- Default test -->
  </suite> <!-- Default suite -->
</testng-results>
